2024-10-30 23:52:24,942 - HuaweiOLT - INFO - Iniciando conexão com OLT 172.16.0.21
2024-10-30 23:52:24,943 - HuaweiOLT - DEBUG - Parâmetros de conexão: porta=22, usuário=lidia
2024-10-30 23:52:24,943 - HuaweiOLT - DEBUG - Estabelecendo conexão SSH...
2024-10-30 23:52:25,751 - HuaweiOLT - DEBUG - Iniciando shell interativo...
2024-10-30 23:52:27,769 - HuaweiOLT - DEBUG - Entrando no modo enable...
2024-10-30 23:52:27,769 - HuaweiOLT - DEBUG - Enviando comando: enable
2024-10-30 23:52:29,773 - HuaweiOLT - DEBUG - Recebido chunk de dados: 206 bytes
2024-10-30 23:52:29,773 - HuaweiOLT - DEBUG - 
--------------------------------------------------
2024-10-30 23:52:29,773 - HuaweiOLT - DEBUG - Comando: enable
2024-10-30 23:52:29,773 - HuaweiOLT - DEBUG - Resposta:
2024-10-30 23:52:29,774 - HuaweiOLT - DEBUG -   
2024-10-30 23:52:29,774 - HuaweiOLT - DEBUG -   
2024-10-30 23:52:29,774 - HuaweiOLT - DEBUG -     Huawei Integrated Access Software (MA5800).
2024-10-30 23:52:29,774 - HuaweiOLT - DEBUG -     Copyright(C) Huawei Technologies Co., Ltd. 2002-2017. All rights reserved.
2024-10-30 23:52:29,775 - HuaweiOLT - DEBUG -   
2024-10-30 23:52:29,775 - HuaweiOLT - DEBUG -   
2024-10-30 23:52:29,775 - HuaweiOLT - DEBUG -   005-OLT-PE-IGARASSU-AGM_ACESSO>enable 
2024-10-30 23:52:29,775 - HuaweiOLT - DEBUG -   
2024-10-30 23:52:29,776 - HuaweiOLT - DEBUG -   005-OLT-PE-IGARASSU-AGM_ACESSO#
2024-10-30 23:52:29,776 - HuaweiOLT - DEBUG - --------------------------------------------------

2024-10-30 23:52:29,776 - HuaweiOLT - DEBUG - 
--------------------------------------------------
2024-10-30 23:52:29,776 - HuaweiOLT - DEBUG - Comando Enable: enable
2024-10-30 23:52:29,776 - HuaweiOLT - DEBUG - Resposta:
2024-10-30 23:52:29,777 - HuaweiOLT - DEBUG -   
2024-10-30 23:52:29,777 - HuaweiOLT - DEBUG -   
2024-10-30 23:52:29,777 - HuaweiOLT - DEBUG -     Huawei Integrated Access Software (MA5800).
2024-10-30 23:52:29,777 - HuaweiOLT - DEBUG -     Copyright(C) Huawei Technologies Co., Ltd. 2002-2017. All rights reserved.
2024-10-30 23:52:29,777 - HuaweiOLT - DEBUG -   
2024-10-30 23:52:29,778 - HuaweiOLT - DEBUG -   
2024-10-30 23:52:29,778 - HuaweiOLT - DEBUG -   005-OLT-PE-IGARASSU-AGM_ACESSO>enable 
2024-10-30 23:52:29,778 - HuaweiOLT - DEBUG -   
2024-10-30 23:52:29,779 - HuaweiOLT - DEBUG -   005-OLT-PE-IGARASSU-AGM_ACESSO#
2024-10-30 23:52:29,779 - HuaweiOLT - DEBUG - --------------------------------------------------

2024-10-30 23:52:30,780 - HuaweiOLT - DEBUG - Entrando no modo config...
2024-10-30 23:52:30,782 - HuaweiOLT - DEBUG - Enviando comando: config
2024-10-30 23:52:32,785 - HuaweiOLT - DEBUG - Recebido chunk de dados: 50 bytes
2024-10-30 23:52:32,785 - HuaweiOLT - DEBUG - 
--------------------------------------------------
2024-10-30 23:52:32,786 - HuaweiOLT - DEBUG - Comando: config
2024-10-30 23:52:32,786 - HuaweiOLT - DEBUG - Resposta:
2024-10-30 23:52:32,786 - HuaweiOLT - DEBUG -   config 
2024-10-30 23:52:32,787 - HuaweiOLT - DEBUG -   
2024-10-30 23:52:32,787 - HuaweiOLT - DEBUG -   005-OLT-PE-IGARASSU-AGM_ACESSO(config)#
2024-10-30 23:52:32,787 - HuaweiOLT - DEBUG - --------------------------------------------------

2024-10-30 23:52:32,788 - HuaweiOLT - DEBUG - 
--------------------------------------------------
2024-10-30 23:52:32,788 - HuaweiOLT - DEBUG - Comando Config: config
2024-10-30 23:52:32,788 - HuaweiOLT - DEBUG - Resposta:
2024-10-30 23:52:32,789 - HuaweiOLT - DEBUG -   config 
2024-10-30 23:52:32,789 - HuaweiOLT - DEBUG -   
2024-10-30 23:52:32,789 - HuaweiOLT - DEBUG -   005-OLT-PE-IGARASSU-AGM_ACESSO(config)#
2024-10-30 23:52:32,789 - HuaweiOLT - DEBUG - --------------------------------------------------

2024-10-30 23:52:32,790 - HuaweiOLT - INFO - Conectado com sucesso à OLT 172.16.0.21
2024-10-30 23:52:32,790 - HuaweiOLT - INFO - Configurando interface GPON 0/2
2024-10-30 23:52:32,791 - HuaweiOLT - DEBUG - Enviando comando: interface gpon 0/2
2024-10-30 23:52:34,794 - HuaweiOLT - DEBUG - Recebido chunk de dados: 74 bytes
2024-10-30 23:52:34,795 - HuaweiOLT - DEBUG - 
--------------------------------------------------
2024-10-30 23:52:34,795 - HuaweiOLT - DEBUG - Comando: interface gpon 0/2
2024-10-30 23:52:34,796 - HuaweiOLT - DEBUG - Resposta:
2024-10-30 23:52:34,796 - HuaweiOLT - DEBUG -   interface gpon 0/2 
2024-10-30 23:52:34,796 - HuaweiOLT - DEBUG -   
2024-10-30 23:52:34,797 - HuaweiOLT - DEBUG -   005-OLT-PE-IGARASSU-AGM_ACESSO(config-if-gpon-0/2)#
2024-10-30 23:52:34,797 - HuaweiOLT - DEBUG - --------------------------------------------------

2024-10-30 23:52:34,797 - HuaweiOLT - DEBUG - 
--------------------------------------------------
2024-10-30 23:52:34,798 - HuaweiOLT - DEBUG - Comando Interface: interface gpon 0/2
2024-10-30 23:52:34,798 - HuaweiOLT - DEBUG - Resposta:
2024-10-30 23:52:34,798 - HuaweiOLT - DEBUG -   interface gpon 0/2 
2024-10-30 23:52:34,799 - HuaweiOLT - DEBUG -   
2024-10-30 23:52:34,799 - HuaweiOLT - DEBUG -   005-OLT-PE-IGARASSU-AGM_ACESSO(config-if-gpon-0/2)#
2024-10-30 23:52:34,799 - HuaweiOLT - DEBUG - --------------------------------------------------

2024-10-30 23:52:34,799 - HuaweiOLT - INFO - Interface configurada: GPON 0/2
2024-10-30 23:52:34,800 - HuaweiOLT - INFO - Iniciando reset da ONT 2/16
2024-10-30 23:52:34,800 - HuaweiOLT - DEBUG - Executando comando: ont reset 2 16
2024-10-30 23:52:34,801 - HuaweiOLT - DEBUG - Enviando comando: ont reset 2 16
2024-10-30 23:52:39,807 - HuaweiOLT - DEBUG - Recebido chunk de dados: 129 bytes
2024-10-30 23:52:39,809 - HuaweiOLT - DEBUG - 
--------------------------------------------------
2024-10-30 23:52:39,809 - HuaweiOLT - DEBUG - Comando: ont reset 2 16
2024-10-30 23:52:39,809 - HuaweiOLT - DEBUG - Resposta:
2024-10-30 23:52:39,809 - HuaweiOLT - DEBUG -   ont reset 2 16 
2024-10-30 23:52:39,809 - HuaweiOLT - DEBUG -     Resetting the ONT(s) will interrupt all services on the ONT(s)
2024-10-30 23:52:39,810 - HuaweiOLT - DEBUG -     Are you sure to reset the ONT(s)? (y/n)[n]: 
2024-10-30 23:52:39,810 - HuaweiOLT - DEBUG - --------------------------------------------------

2024-10-30 23:52:39,810 - HuaweiOLT - DEBUG - 
--------------------------------------------------
2024-10-30 23:52:39,811 - HuaweiOLT - DEBUG - Comando Reset: ont reset 2 16
2024-10-30 23:52:39,811 - HuaweiOLT - DEBUG - Resposta:
2024-10-30 23:52:39,812 - HuaweiOLT - DEBUG -   ont reset 2 16 
2024-10-30 23:52:39,812 - HuaweiOLT - DEBUG -     Resetting the ONT(s) will interrupt all services on the ONT(s)
2024-10-30 23:52:39,812 - HuaweiOLT - DEBUG -     Are you sure to reset the ONT(s)? (y/n)[n]: 
2024-10-30 23:52:39,812 - HuaweiOLT - DEBUG - --------------------------------------------------

2024-10-30 23:52:39,812 - HuaweiOLT - INFO - ONT 2/16 resetada com sucesso
2024-10-30 23:52:39,813 - HuaweiOLT - INFO - Aguardando 10 segundos para a ONT reiniciar...
2024-10-30 23:52:49,823 - HuaweiOLT - INFO - Verificando status da ONT 2/16
2024-10-30 23:52:49,824 - HuaweiOLT - DEBUG - Executando comando: display ont info 2 16
2024-10-30 23:52:49,824 - HuaweiOLT - DEBUG - Enviando comando: display ont info 2 16
2024-10-30 23:52:51,827 - HuaweiOLT - DEBUG - Recebido chunk de dados: 56 bytes
2024-10-30 23:52:51,828 - HuaweiOLT - DEBUG - 
--------------------------------------------------
2024-10-30 23:52:51,828 - HuaweiOLT - DEBUG - Comando: display ont info 2 16
2024-10-30 23:52:51,828 - HuaweiOLT - DEBUG - Resposta:
2024-10-30 23:52:51,828 - HuaweiOLT - DEBUG -   d
2024-10-30 23:52:51,829 - HuaweiOLT - DEBUG -   
2024-10-30 23:52:51,829 - HuaweiOLT - DEBUG -   005-OLT-PE-IGARASSU-AGM_ACESSO(config-if-gpon-0/2)#
2024-10-30 23:52:51,829 - HuaweiOLT - DEBUG - --------------------------------------------------

2024-10-30 23:52:51,829 - HuaweiOLT - DEBUG - 
--------------------------------------------------
2024-10-30 23:52:51,829 - HuaweiOLT - DEBUG - Comando Status: display ont info 2 16
2024-10-30 23:52:51,830 - HuaweiOLT - DEBUG - Resposta:
2024-10-30 23:52:51,830 - HuaweiOLT - DEBUG -   d
2024-10-30 23:52:51,830 - HuaweiOLT - DEBUG -   
2024-10-30 23:52:51,831 - HuaweiOLT - DEBUG -   005-OLT-PE-IGARASSU-AGM_ACESSO(config-if-gpon-0/2)#
2024-10-30 23:52:51,831 - HuaweiOLT - DEBUG - --------------------------------------------------

2024-10-30 23:52:51,831 - HuaweiOLT - DEBUG - Status não encontrado na saída
2024-10-30 23:52:51,831 - HuaweiOLT - DEBUG - Saída completa:
2024-10-30 23:52:51,831 - HuaweiOLT - DEBUG - d

005-OLT-PE-IGARASSU-AGM_ACESSO(config-if-gpon-0/2)#
2024-10-30 23:52:51,832 - HuaweiOLT - INFO - Conexão encerrada
