2024-10-31 00:10:22,528 - HuaweiOLT - INFO - Iniciando conexão com OLT 172.16.0.8
2024-10-31 00:10:22,528 - HuaweiOLT - DEBUG - Parâmetros de conexão: porta=22, usuário=lidia
2024-10-31 00:10:22,528 - HuaweiOLT - DEBUG - Estabelecendo conexão SSH...
2024-10-31 00:10:23,303 - HuaweiOLT - DEBUG - Iniciando shell interativo...
2024-10-31 00:10:25,322 - HuaweiOLT - DEBUG - Entrando no modo enable...
2024-10-31 00:10:25,322 - HuaweiOLT - DEBUG - Enviando comando: enable
2024-10-31 00:10:27,326 - HuaweiOLT - DEBUG - Recebido chunk de dados: 212 bytes
2024-10-31 00:10:27,326 - HuaweiOLT - DEBUG - 
--------------------------------------------------
2024-10-31 00:10:27,326 - HuaweiOLT - DEBUG - Comando: enable
2024-10-31 00:10:27,326 - HuaweiOLT - DEBUG - Resposta:
2024-10-31 00:10:27,327 - HuaweiOLT - DEBUG -   
2024-10-31 00:10:27,327 - HuaweiOLT - DEBUG -   
2024-10-31 00:10:27,327 - HuaweiOLT - DEBUG -     Huawei Integrated Access Software (MA5800).
2024-10-31 00:10:27,327 - HuaweiOLT - DEBUG -     Copyright(C) Huawei Technologies Co., Ltd. 2002-2017. All rights reserved.
2024-10-31 00:10:27,327 - HuaweiOLT - DEBUG -   
2024-10-31 00:10:27,328 - HuaweiOLT - DEBUG -   
2024-10-31 00:10:27,328 - HuaweiOLT - DEBUG -   004-OLT-PE-PAULISTA-JARPAU_ACESSO>enable 
2024-10-31 00:10:27,328 - HuaweiOLT - DEBUG -   
2024-10-31 00:10:27,328 - HuaweiOLT - DEBUG -   004-OLT-PE-PAULISTA-JARPAU_ACESSO#
2024-10-31 00:10:27,328 - HuaweiOLT - DEBUG - --------------------------------------------------

2024-10-31 00:10:27,329 - HuaweiOLT - DEBUG - 
--------------------------------------------------
2024-10-31 00:10:27,329 - HuaweiOLT - DEBUG - Comando Enable: enable
2024-10-31 00:10:27,329 - HuaweiOLT - DEBUG - Resposta:
2024-10-31 00:10:27,329 - HuaweiOLT - DEBUG -   
2024-10-31 00:10:27,329 - HuaweiOLT - DEBUG -   
2024-10-31 00:10:27,330 - HuaweiOLT - DEBUG -     Huawei Integrated Access Software (MA5800).
2024-10-31 00:10:27,330 - HuaweiOLT - DEBUG -     Copyright(C) Huawei Technologies Co., Ltd. 2002-2017. All rights reserved.
2024-10-31 00:10:27,330 - HuaweiOLT - DEBUG -   
2024-10-31 00:10:27,330 - HuaweiOLT - DEBUG -   
2024-10-31 00:10:27,330 - HuaweiOLT - DEBUG -   004-OLT-PE-PAULISTA-JARPAU_ACESSO>enable 
2024-10-31 00:10:27,331 - HuaweiOLT - DEBUG -   
2024-10-31 00:10:27,331 - HuaweiOLT - DEBUG -   004-OLT-PE-PAULISTA-JARPAU_ACESSO#
2024-10-31 00:10:27,331 - HuaweiOLT - DEBUG - --------------------------------------------------

2024-10-31 00:10:28,332 - HuaweiOLT - DEBUG - Entrando no modo config...
2024-10-31 00:10:28,333 - HuaweiOLT - DEBUG - Enviando comando: config
2024-10-31 00:10:30,337 - HuaweiOLT - DEBUG - Recebido chunk de dados: 53 bytes
2024-10-31 00:10:30,337 - HuaweiOLT - DEBUG - 
--------------------------------------------------
2024-10-31 00:10:30,338 - HuaweiOLT - DEBUG - Comando: config
2024-10-31 00:10:30,338 - HuaweiOLT - DEBUG - Resposta:
2024-10-31 00:10:30,338 - HuaweiOLT - DEBUG -   config 
2024-10-31 00:10:30,338 - HuaweiOLT - DEBUG -   
2024-10-31 00:10:30,339 - HuaweiOLT - DEBUG -   004-OLT-PE-PAULISTA-JARPAU_ACESSO(config)#
2024-10-31 00:10:30,339 - HuaweiOLT - DEBUG - --------------------------------------------------

2024-10-31 00:10:30,339 - HuaweiOLT - DEBUG - 
--------------------------------------------------
2024-10-31 00:10:30,339 - HuaweiOLT - DEBUG - Comando Config: config
2024-10-31 00:10:30,339 - HuaweiOLT - DEBUG - Resposta:
2024-10-31 00:10:30,340 - HuaweiOLT - DEBUG -   config 
2024-10-31 00:10:30,340 - HuaweiOLT - DEBUG -   
2024-10-31 00:10:30,340 - HuaweiOLT - DEBUG -   004-OLT-PE-PAULISTA-JARPAU_ACESSO(config)#
2024-10-31 00:10:30,341 - HuaweiOLT - DEBUG - --------------------------------------------------

2024-10-31 00:10:30,341 - HuaweiOLT - INFO - Conectado com sucesso à OLT 172.16.0.8
2024-10-31 00:10:30,341 - HuaweiOLT - INFO - Configurando interface GPON 0/2
2024-10-31 00:10:30,342 - HuaweiOLT - DEBUG - Enviando comando: interface gpon 0/2
2024-10-31 00:10:32,345 - HuaweiOLT - DEBUG - Recebido chunk de dados: 77 bytes
2024-10-31 00:10:32,345 - HuaweiOLT - DEBUG - 
--------------------------------------------------
2024-10-31 00:10:32,346 - HuaweiOLT - DEBUG - Comando: interface gpon 0/2
2024-10-31 00:10:32,346 - HuaweiOLT - DEBUG - Resposta:
2024-10-31 00:10:32,346 - HuaweiOLT - DEBUG -   interface gpon 0/2 
2024-10-31 00:10:32,346 - HuaweiOLT - DEBUG -   
2024-10-31 00:10:32,346 - HuaweiOLT - DEBUG -   004-OLT-PE-PAULISTA-JARPAU_ACESSO(config-if-gpon-0/2)#
2024-10-31 00:10:32,347 - HuaweiOLT - DEBUG - --------------------------------------------------

2024-10-31 00:10:32,347 - HuaweiOLT - DEBUG - 
--------------------------------------------------
2024-10-31 00:10:32,347 - HuaweiOLT - DEBUG - Comando Interface: interface gpon 0/2
2024-10-31 00:10:32,348 - HuaweiOLT - DEBUG - Resposta:
2024-10-31 00:10:32,348 - HuaweiOLT - DEBUG -   interface gpon 0/2 
2024-10-31 00:10:32,348 - HuaweiOLT - DEBUG -   
2024-10-31 00:10:32,349 - HuaweiOLT - DEBUG -   004-OLT-PE-PAULISTA-JARPAU_ACESSO(config-if-gpon-0/2)#
2024-10-31 00:10:32,349 - HuaweiOLT - DEBUG - --------------------------------------------------

2024-10-31 00:10:32,349 - HuaweiOLT - INFO - Interface configurada: GPON 0/2
2024-10-31 00:10:32,350 - HuaweiOLT - INFO - Iniciando reset da ONT 2/0
2024-10-31 00:10:32,350 - HuaweiOLT - DEBUG - Executando comando: ont reset 2 0
2024-10-31 00:10:34,353 - HuaweiOLT - DEBUG - Enviando confirmação 'y'
2024-10-31 00:10:37,357 - HuaweiOLT - DEBUG - 
--------------------------------------------------
2024-10-31 00:10:37,358 - HuaweiOLT - DEBUG - Comando Reset: ont reset 2 0 (com confirmação)
2024-10-31 00:10:37,358 - HuaweiOLT - DEBUG - Resposta:
2024-10-31 00:10:37,359 - HuaweiOLT - DEBUG -   ont reset 2 0 
2024-10-31 00:10:37,359 - HuaweiOLT - DEBUG -     Resetting the ONT(s) will interrupt all services on the ONT(s)
2024-10-31 00:10:37,359 - HuaweiOLT - DEBUG -     Are you sure to reset the ONT(s)? (y/n)[n]: y
2024-10-31 00:10:37,360 - HuaweiOLT - DEBUG -   
2024-10-31 00:10:37,360 - HuaweiOLT - DEBUG -   004-OLT-PE-PAULISTA-JARPAU_ACESSO(config-if-gpon-0/2)#
2024-10-31 00:10:37,360 - HuaweiOLT - DEBUG - --------------------------------------------------

2024-10-31 00:10:37,361 - HuaweiOLT - INFO - ONT 2/0 resetada com sucesso
2024-10-31 00:10:37,361 - HuaweiOLT - INFO - Aguardando 10 segundos para a ONT reiniciar...
2024-10-31 00:10:47,371 - HuaweiOLT - INFO - Verificando status da ONT 2/0
2024-10-31 00:10:47,372 - HuaweiOLT - DEBUG - Executando comando: display ont info 2 0
2024-10-31 00:10:47,372 - HuaweiOLT - DEBUG - Enviando comando: display ont info 2 0
2024-10-31 00:10:49,375 - HuaweiOLT - DEBUG - Recebido chunk de dados: 38 bytes
2024-10-31 00:10:49,376 - HuaweiOLT - DEBUG - 
--------------------------------------------------
2024-10-31 00:10:49,376 - HuaweiOLT - DEBUG - Comando: display ont info 2 0
2024-10-31 00:10:49,376 - HuaweiOLT - DEBUG - Resposta:
2024-10-31 00:10:49,377 - HuaweiOLT - DEBUG -   display ont info 2 0 
2024-10-31 00:10:49,377 - HuaweiOLT - DEBUG -   { <cr>||<K> }: 
2024-10-31 00:10:49,377 - HuaweiOLT - DEBUG - --------------------------------------------------

2024-10-31 00:10:49,378 - HuaweiOLT - DEBUG - 
--------------------------------------------------
2024-10-31 00:10:49,378 - HuaweiOLT - DEBUG - Comando Status: display ont info 2 0
2024-10-31 00:10:49,378 - HuaweiOLT - DEBUG - Resposta:
2024-10-31 00:10:49,378 - HuaweiOLT - DEBUG -   display ont info 2 0 
2024-10-31 00:10:49,379 - HuaweiOLT - DEBUG -   { <cr>||<K> }: 
2024-10-31 00:10:49,379 - HuaweiOLT - DEBUG - --------------------------------------------------

2024-10-31 00:10:49,379 - HuaweiOLT - DEBUG - Status não encontrado na saída
2024-10-31 00:10:49,379 - HuaweiOLT - DEBUG - Saída completa:
2024-10-31 00:10:49,379 - HuaweiOLT - DEBUG - display ont info 2 0 
{ <cr>||<K> }: 
2024-10-31 00:10:49,380 - HuaweiOLT - INFO - Conexão encerrada
