2024-10-30 23:59:55,438 - HuaweiOLT - INFO - Iniciando conexão com OLT 172.16.0.21
2024-10-30 23:59:55,438 - HuaweiOLT - DEBUG - Parâmetros de conexão: porta=22, usuário=lidia
2024-10-30 23:59:55,438 - HuaweiOLT - DEBUG - Estabelecendo conexão SSH...
2024-10-30 23:59:56,091 - HuaweiOLT - DEBUG - Iniciando shell interativo...
2024-10-30 23:59:58,108 - HuaweiOLT - DEBUG - Entrando no modo enable...
2024-10-30 23:59:58,109 - HuaweiOLT - DEBUG - Enviando comando: enable
2024-10-31 00:00:00,112 - HuaweiOLT - DEBUG - Recebido chunk de dados: 206 bytes
2024-10-31 00:00:00,113 - HuaweiOLT - DEBUG - 
--------------------------------------------------
2024-10-31 00:00:00,114 - HuaweiOLT - DEBUG - Comando: enable
2024-10-31 00:00:00,114 - HuaweiOLT - DEBUG - Resposta:
2024-10-31 00:00:00,114 - HuaweiOLT - DEBUG -   
2024-10-31 00:00:00,115 - HuaweiOLT - DEBUG -   
2024-10-31 00:00:00,115 - HuaweiOLT - DEBUG -     Huawei Integrated Access Software (MA5800).
2024-10-31 00:00:00,115 - HuaweiOLT - DEBUG -     Copyright(C) Huawei Technologies Co., Ltd. 2002-2017. All rights reserved.
2024-10-31 00:00:00,115 - HuaweiOLT - DEBUG -   
2024-10-31 00:00:00,115 - HuaweiOLT - DEBUG -   
2024-10-31 00:00:00,116 - HuaweiOLT - DEBUG -   005-OLT-PE-IGARASSU-AGM_ACESSO>enable 
2024-10-31 00:00:00,116 - HuaweiOLT - DEBUG -   
2024-10-31 00:00:00,116 - HuaweiOLT - DEBUG -   005-OLT-PE-IGARASSU-AGM_ACESSO#
2024-10-31 00:00:00,116 - HuaweiOLT - DEBUG - --------------------------------------------------

2024-10-31 00:00:00,116 - HuaweiOLT - DEBUG - 
--------------------------------------------------
2024-10-31 00:00:00,116 - HuaweiOLT - DEBUG - Comando Enable: enable
2024-10-31 00:00:00,117 - HuaweiOLT - DEBUG - Resposta:
2024-10-31 00:00:00,117 - HuaweiOLT - DEBUG -   
2024-10-31 00:00:00,117 - HuaweiOLT - DEBUG -   
2024-10-31 00:00:00,117 - HuaweiOLT - DEBUG -     Huawei Integrated Access Software (MA5800).
2024-10-31 00:00:00,117 - HuaweiOLT - DEBUG -     Copyright(C) Huawei Technologies Co., Ltd. 2002-2017. All rights reserved.
2024-10-31 00:00:00,118 - HuaweiOLT - DEBUG -   
2024-10-31 00:00:00,118 - HuaweiOLT - DEBUG -   
2024-10-31 00:00:00,118 - HuaweiOLT - DEBUG -   005-OLT-PE-IGARASSU-AGM_ACESSO>enable 
2024-10-31 00:00:00,118 - HuaweiOLT - DEBUG -   
2024-10-31 00:00:00,118 - HuaweiOLT - DEBUG -   005-OLT-PE-IGARASSU-AGM_ACESSO#
2024-10-31 00:00:00,119 - HuaweiOLT - DEBUG - --------------------------------------------------

2024-10-31 00:00:01,120 - HuaweiOLT - DEBUG - Entrando no modo config...
2024-10-31 00:00:01,121 - HuaweiOLT - DEBUG - Enviando comando: config
2024-10-31 00:00:03,124 - HuaweiOLT - DEBUG - Recebido chunk de dados: 50 bytes
2024-10-31 00:00:03,125 - HuaweiOLT - DEBUG - 
--------------------------------------------------
2024-10-31 00:00:03,125 - HuaweiOLT - DEBUG - Comando: config
2024-10-31 00:00:03,125 - HuaweiOLT - DEBUG - Resposta:
2024-10-31 00:00:03,126 - HuaweiOLT - DEBUG -   config 
2024-10-31 00:00:03,126 - HuaweiOLT - DEBUG -   
2024-10-31 00:00:03,126 - HuaweiOLT - DEBUG -   005-OLT-PE-IGARASSU-AGM_ACESSO(config)#
2024-10-31 00:00:03,127 - HuaweiOLT - DEBUG - --------------------------------------------------

2024-10-31 00:00:03,127 - HuaweiOLT - DEBUG - 
--------------------------------------------------
2024-10-31 00:00:03,127 - HuaweiOLT - DEBUG - Comando Config: config
2024-10-31 00:00:03,127 - HuaweiOLT - DEBUG - Resposta:
2024-10-31 00:00:03,128 - HuaweiOLT - DEBUG -   config 
2024-10-31 00:00:03,128 - HuaweiOLT - DEBUG -   
2024-10-31 00:00:03,128 - HuaweiOLT - DEBUG -   005-OLT-PE-IGARASSU-AGM_ACESSO(config)#
2024-10-31 00:00:03,128 - HuaweiOLT - DEBUG - --------------------------------------------------

2024-10-31 00:00:03,128 - HuaweiOLT - INFO - Conectado com sucesso à OLT 172.16.0.21
2024-10-31 00:00:03,129 - HuaweiOLT - INFO - Configurando interface GPON 0/2
2024-10-31 00:00:03,129 - HuaweiOLT - DEBUG - Enviando comando: interface gpon 0/2
2024-10-31 00:00:05,132 - HuaweiOLT - DEBUG - Recebido chunk de dados: 74 bytes
2024-10-31 00:00:05,133 - HuaweiOLT - DEBUG - 
--------------------------------------------------
2024-10-31 00:00:05,133 - HuaweiOLT - DEBUG - Comando: interface gpon 0/2
2024-10-31 00:00:05,133 - HuaweiOLT - DEBUG - Resposta:
2024-10-31 00:00:05,133 - HuaweiOLT - DEBUG -   interface gpon 0/2 
2024-10-31 00:00:05,134 - HuaweiOLT - DEBUG -   
2024-10-31 00:00:05,134 - HuaweiOLT - DEBUG -   005-OLT-PE-IGARASSU-AGM_ACESSO(config-if-gpon-0/2)#
2024-10-31 00:00:05,134 - HuaweiOLT - DEBUG - --------------------------------------------------

2024-10-31 00:00:05,134 - HuaweiOLT - DEBUG - 
--------------------------------------------------
2024-10-31 00:00:05,135 - HuaweiOLT - DEBUG - Comando Interface: interface gpon 0/2
2024-10-31 00:00:05,135 - HuaweiOLT - DEBUG - Resposta:
2024-10-31 00:00:05,135 - HuaweiOLT - DEBUG -   interface gpon 0/2 
2024-10-31 00:00:05,135 - HuaweiOLT - DEBUG -   
2024-10-31 00:00:05,136 - HuaweiOLT - DEBUG -   005-OLT-PE-IGARASSU-AGM_ACESSO(config-if-gpon-0/2)#
2024-10-31 00:00:05,136 - HuaweiOLT - DEBUG - --------------------------------------------------

2024-10-31 00:00:05,136 - HuaweiOLT - INFO - Interface configurada: GPON 0/2
2024-10-31 00:00:05,137 - HuaweiOLT - INFO - Iniciando reset da ONT 2/16
2024-10-31 00:00:05,137 - HuaweiOLT - DEBUG - Executando comando: ont reset 2 16
2024-10-31 00:00:07,140 - HuaweiOLT - DEBUG - Enviando confirmação 'y'
2024-10-31 00:00:10,145 - HuaweiOLT - DEBUG - 
--------------------------------------------------
2024-10-31 00:00:10,145 - HuaweiOLT - DEBUG - Comando Reset: ont reset 2 16 (com confirmação)
2024-10-31 00:00:10,146 - HuaweiOLT - DEBUG - Resposta:
2024-10-31 00:00:10,147 - HuaweiOLT - DEBUG -   ont reset 2 16 
2024-10-31 00:00:10,147 - HuaweiOLT - DEBUG -     Resetting the ONT(s) will interrupt all services on the ONT(s)
2024-10-31 00:00:10,147 - HuaweiOLT - DEBUG -     Are you sure to reset the ONT(s)? (y/n)[n]: y
2024-10-31 00:00:10,148 - HuaweiOLT - DEBUG -   
2024-10-31 00:00:10,148 - HuaweiOLT - DEBUG -   005-OLT-PE-IGARASSU-AGM_ACESSO(config-if-gpon-0/2)#
2024-10-31 00:00:10,148 - HuaweiOLT - DEBUG - --------------------------------------------------

2024-10-31 00:00:10,148 - HuaweiOLT - INFO - ONT 2/16 resetada com sucesso
2024-10-31 00:00:10,149 - HuaweiOLT - INFO - Aguardando 10 segundos para a ONT reiniciar...
2024-10-31 00:00:20,160 - HuaweiOLT - INFO - Verificando status da ONT 2/16
2024-10-31 00:00:20,161 - HuaweiOLT - DEBUG - Executando comando: display ont info 2 16
2024-10-31 00:00:20,161 - HuaweiOLT - DEBUG - Enviando comando: display ont info 2 16
2024-10-31 00:00:22,164 - HuaweiOLT - DEBUG - Recebido chunk de dados: 39 bytes
2024-10-31 00:00:22,165 - HuaweiOLT - DEBUG - 
--------------------------------------------------
2024-10-31 00:00:22,165 - HuaweiOLT - DEBUG - Comando: display ont info 2 16
2024-10-31 00:00:22,165 - HuaweiOLT - DEBUG - Resposta:
2024-10-31 00:00:22,166 - HuaweiOLT - DEBUG -   display ont info 2 16 
2024-10-31 00:00:22,166 - HuaweiOLT - DEBUG -   { <cr>||<K> }: 
2024-10-31 00:00:22,166 - HuaweiOLT - DEBUG - --------------------------------------------------

2024-10-31 00:00:22,166 - HuaweiOLT - DEBUG - 
--------------------------------------------------
2024-10-31 00:00:22,167 - HuaweiOLT - DEBUG - Comando Status: display ont info 2 16
2024-10-31 00:00:22,167 - HuaweiOLT - DEBUG - Resposta:
2024-10-31 00:00:22,168 - HuaweiOLT - DEBUG -   display ont info 2 16 
2024-10-31 00:00:22,168 - HuaweiOLT - DEBUG -   { <cr>||<K> }: 
2024-10-31 00:00:22,168 - HuaweiOLT - DEBUG - --------------------------------------------------

2024-10-31 00:00:22,169 - HuaweiOLT - DEBUG - Status não encontrado na saída
2024-10-31 00:00:22,169 - HuaweiOLT - DEBUG - Saída completa:
2024-10-31 00:00:22,169 - HuaweiOLT - DEBUG - display ont info 2 16 
{ <cr>||<K> }: 
2024-10-31 00:00:22,170 - HuaweiOLT - INFO - Conexão encerrada
